<?xml version="1.0" encoding="UTF-8" ?>
<testsuite tests="4" failures="1" name="GiocoBorsa.arch.BestPracticesTest" time="0.033" errors="0" skipped="0">
  <properties>
    <property name="java.runtime.name" value="OpenJDK Runtime Environment"/>
    <property name="java.vm.version" value="17.0.1+1"/>
    <property name="sun.boot.library.path" value="/usr/local/Cellar/openjdk/17.0.1_1/libexec/openjdk.jdk/Contents/Home/lib"/>
    <property name="maven.multiModuleProjectDirectory" value="/Users/robertoscarpati/desktop/GiocoBorsa"/>
    <property name="java.vm.vendor" value="Homebrew"/>
    <property name="java.vendor.url" value="https://github.com/Homebrew/homebrew-core/issues"/>
    <property name="guice.disable.misplaced.annotation.check" value="true"/>
    <property name="path.separator" value=":"/>
    <property name="java.vm.name" value="OpenJDK 64-Bit Server VM"/>
    <property name="user.country" value="IT"/>
    <property name="sun.java.launcher" value="SUN_STANDARD"/>
    <property name="java.vm.specification.name" value="Java Virtual Machine Specification"/>
    <property name="user.dir" value="/Users/robertoscarpati/Desktop/GiocoBorsa"/>
    <property name="java.vm.compressedOopsMode" value="Zero based"/>
    <property name="java.runtime.version" value="17.0.1+1"/>
    <property name="os.arch" value="x86_64"/>
    <property name="java.io.tmpdir" value="/var/folders/2v/6t40zkvd7xz4kc8dq48m2wx80000gn/T/"/>
    <property name="line.separator" value="
"/>
    <property name="java.vm.specification.vendor" value="Oracle Corporation"/>
    <property name="os.name" value="Mac OS X"/>
    <property name="classworlds.conf" value="/usr/local/Cellar/maven/3.8.4/libexec/bin/m2.conf"/>
    <property name="sun.jnu.encoding" value="UTF-8"/>
    <property name="java.library.path" value="/Users/robertoscarpati/Library/Java/Extensions:/Library/Java/Extensions:/Network/Library/Java/Extensions:/System/Library/Java/Extensions:/usr/lib/java:."/>
    <property name="maven.conf" value="/usr/local/Cellar/maven/3.8.4/libexec/conf"/>
    <property name="jdk.debug" value="release"/>
    <property name="java.class.version" value="61.0"/>
    <property name="java.specification.name" value="Java Platform API Specification"/>
    <property name="sun.management.compiler" value="HotSpot 64-Bit Tiered Compilers"/>
    <property name="os.version" value="11.6"/>
    <property name="library.jansi.path" value="/usr/local/Cellar/maven/3.8.4/libexec/lib/jansi-native"/>
    <property name="http.nonProxyHosts" value="local|*.local|169.254/16|*.169.254/16"/>
    <property name="user.home" value="/Users/robertoscarpati"/>
    <property name="user.timezone" value="Europe/Rome"/>
    <property name="file.encoding" value="UTF-8"/>
    <property name="java.specification.version" value="17"/>
    <property name="user.name" value="robertoscarpati"/>
    <property name="java.class.path" value="/usr/local/Cellar/maven/3.8.4/libexec/boot/plexus-classworlds-2.6.0.jar"/>
    <property name="java.vm.specification.version" value="17"/>
    <property name="sun.arch.data.model" value="64"/>
    <property name="sun.java.command" value="org.codehaus.plexus.classworlds.launcher.Launcher test"/>
    <property name="java.home" value="/usr/local/Cellar/openjdk/17.0.1_1/libexec/openjdk.jdk/Contents/Home"/>
    <property name="user.language" value="it"/>
    <property name="java.specification.vendor" value="Oracle Corporation"/>
    <property name="java.vm.info" value="mixed mode, sharing"/>
    <property name="java.version" value="17.0.1"/>
    <property name="native.encoding" value="UTF-8"/>
    <property name="java.vendor" value="Homebrew"/>
    <property name="sun.stderr.encoding" value="UTF-8"/>
    <property name="maven.home" value="/usr/local/Cellar/maven/3.8.4/libexec"/>
    <property name="file.separator" value="/"/>
    <property name="java.version.date" value="2021-10-19"/>
    <property name="java.vendor.url.bug" value="https://github.com/Homebrew/homebrew-core/issues"/>
    <property name="sun.io.unicode.encoding" value="UnicodeBig"/>
    <property name="sun.cpu.endian" value="little"/>
    <property name="java.vendor.version" value="Homebrew"/>
    <property name="sun.stdout.encoding" value="UTF-8"/>
    <property name="socksNonProxyHosts" value="local|*.local|169.254/16|*.169.254/16"/>
    <property name="ftp.nonProxyHosts" value="local|*.local|169.254/16|*.169.254/16"/>
  </properties>
  <testcase classname="GiocoBorsa.arch.BestPracticesTest" name="system_out_is_not_called" time="0.023">
    <failure message="Architecture Violation [Priority: MEDIUM] - Rule &apos;no classes should access standard streams&apos; was violated (12 times):
Constructor &lt;GiocoBorsa.Database.ConnessioneDatabase.&lt;init&gt;()&gt; calls method &lt;java.lang.ClassNotFoundException.printStackTrace()&gt; in (ConnessioneDatabase.java:23)
Constructor &lt;GiocoBorsa.Database.ConnessioneDatabase.&lt;init&gt;()&gt; gets field &lt;java.lang.System.out&gt; in (ConnessioneDatabase.java:22)
Constructor &lt;GiocoBorsa.ImplementazioniPostgresDAO.GiocatoreImplementazionePostgresDAO.&lt;init&gt;()&gt; calls method &lt;java.sql.SQLException.printStackTrace()&gt; in (GiocatoreImplementazionePostgresDAO.java:22)
Constructor &lt;GiocoBorsa.ImplementazioniPostgresDAO.ListinoImplementazionePostgresDAO.&lt;init&gt;()&gt; calls method &lt;java.sql.SQLException.printStackTrace()&gt; in (ListinoImplementazionePostgresDAO.java:24)
Constructor &lt;GiocoBorsa.ImplementazioniPostgresDAO.SocietaImplementazionePostgresDAO.&lt;init&gt;()&gt; calls method &lt;java.sql.SQLException.printStackTrace()&gt; in (SocietaImplementazionePostgresDAO.java:20)
Method &lt;GiocoBorsa.GUI.GUIMain$1.run()&gt; calls method &lt;java.lang.Exception.printStackTrace()&gt; in (GUIMain.java:25)
Method &lt;GiocoBorsa.ImplementazioniPostgresDAO.GiocatoreImplementazionePostgresDAO.acquistaDB(GiocoBorsa.Model.Giocatore, int, java.time.LocalDate, float, GiocoBorsa.Model.Societa)&gt; calls method &lt;java.sql.SQLException.printStackTrace()&gt; in (GiocatoreImplementazionePostgresDAO.java:36)
Method &lt;GiocoBorsa.ImplementazioniPostgresDAO.ListinoImplementazionePostgresDAO.addSocietaDB(GiocoBorsa.Model.Societa, GiocoBorsa.Model.Borsa)&gt; calls method &lt;java.sql.SQLException.printStackTrace()&gt; in (ListinoImplementazionePostgresDAO.java:60)
Method &lt;GiocoBorsa.ImplementazioniPostgresDAO.ListinoImplementazionePostgresDAO.leggiListinoDB(GiocoBorsa.Model.Borsa)&gt; calls method &lt;java.sql.SQLException.printStackTrace()&gt; in (ListinoImplementazionePostgresDAO.java:44)
Method &lt;GiocoBorsa.ImplementazioniPostgresDAO.SocietaImplementazionePostgresDAO.updatePrezzo(GiocoBorsa.Model.Societa, float)&gt; calls method &lt;java.sql.SQLException.printStackTrace()&gt; in (SocietaImplementazionePostgresDAO.java:35)
Method &lt;GiocoBorsa.ProvaMain.Main.main([Ljava.lang.String;)&gt; gets field &lt;java.lang.System.out&gt; in (Main.java:34)
Method &lt;GiocoBorsa.ProvaMain.Main.main([Ljava.lang.String;)&gt; gets field &lt;java.lang.System.out&gt; in (Main.java:40)" type="java.lang.AssertionError">java.lang.AssertionError: Architecture Violation [Priority: MEDIUM] - Rule &apos;no classes should access standard streams&apos; was violated (12 times):
Constructor &lt;GiocoBorsa.Database.ConnessioneDatabase.&lt;init&gt;()&gt; calls method &lt;java.lang.ClassNotFoundException.printStackTrace()&gt; in (ConnessioneDatabase.java:23)
Constructor &lt;GiocoBorsa.Database.ConnessioneDatabase.&lt;init&gt;()&gt; gets field &lt;java.lang.System.out&gt; in (ConnessioneDatabase.java:22)
Constructor &lt;GiocoBorsa.ImplementazioniPostgresDAO.GiocatoreImplementazionePostgresDAO.&lt;init&gt;()&gt; calls method &lt;java.sql.SQLException.printStackTrace()&gt; in (GiocatoreImplementazionePostgresDAO.java:22)
Constructor &lt;GiocoBorsa.ImplementazioniPostgresDAO.ListinoImplementazionePostgresDAO.&lt;init&gt;()&gt; calls method &lt;java.sql.SQLException.printStackTrace()&gt; in (ListinoImplementazionePostgresDAO.java:24)
Constructor &lt;GiocoBorsa.ImplementazioniPostgresDAO.SocietaImplementazionePostgresDAO.&lt;init&gt;()&gt; calls method &lt;java.sql.SQLException.printStackTrace()&gt; in (SocietaImplementazionePostgresDAO.java:20)
Method &lt;GiocoBorsa.GUI.GUIMain$1.run()&gt; calls method &lt;java.lang.Exception.printStackTrace()&gt; in (GUIMain.java:25)
Method &lt;GiocoBorsa.ImplementazioniPostgresDAO.GiocatoreImplementazionePostgresDAO.acquistaDB(GiocoBorsa.Model.Giocatore, int, java.time.LocalDate, float, GiocoBorsa.Model.Societa)&gt; calls method &lt;java.sql.SQLException.printStackTrace()&gt; in (GiocatoreImplementazionePostgresDAO.java:36)
Method &lt;GiocoBorsa.ImplementazioniPostgresDAO.ListinoImplementazionePostgresDAO.addSocietaDB(GiocoBorsa.Model.Societa, GiocoBorsa.Model.Borsa)&gt; calls method &lt;java.sql.SQLException.printStackTrace()&gt; in (ListinoImplementazionePostgresDAO.java:60)
Method &lt;GiocoBorsa.ImplementazioniPostgresDAO.ListinoImplementazionePostgresDAO.leggiListinoDB(GiocoBorsa.Model.Borsa)&gt; calls method &lt;java.sql.SQLException.printStackTrace()&gt; in (ListinoImplementazionePostgresDAO.java:44)
Method &lt;GiocoBorsa.ImplementazioniPostgresDAO.SocietaImplementazionePostgresDAO.updatePrezzo(GiocoBorsa.Model.Societa, float)&gt; calls method &lt;java.sql.SQLException.printStackTrace()&gt; in (SocietaImplementazionePostgresDAO.java:35)
Method &lt;GiocoBorsa.ProvaMain.Main.main([Ljava.lang.String;)&gt; gets field &lt;java.lang.System.out&gt; in (Main.java:34)
Method &lt;GiocoBorsa.ProvaMain.Main.main([Ljava.lang.String;)&gt; gets field &lt;java.lang.System.out&gt; in (Main.java:40)
	at com.tngtech.archunit.lang.ArchRule$Assertions.assertNoViolation(ArchRule.java:94)
	at com.tngtech.archunit.lang.ArchRule$Assertions.check(ArchRule.java:82)
	at com.tngtech.archunit.lang.ArchRule$Factory$SimpleArchRule.check(ArchRule.java:198)
	at com.tngtech.archunit.lang.syntax.ObjectsShouldInternal.check(ObjectsShouldInternal.java:81)
	at com.tngtech.archunit.junit.ArchRuleExecution.evaluateOn(ArchRuleExecution.java:43)
	at com.tngtech.archunit.junit.ArchUnitRunner.runChild(ArchUnitRunner.java:154)
	at com.tngtech.archunit.junit.ArchUnitRunner.runChild(ArchUnitRunner.java:63)
	at org.junit.runners.ParentRunner$3.run(ParentRunner.java:238)
	at org.junit.runners.ParentRunner$1.schedule(ParentRunner.java:63)
	at org.junit.runners.ParentRunner.runChildren(ParentRunner.java:236)
	at org.junit.runners.ParentRunner.access$000(ParentRunner.java:53)
	at org.junit.runners.ParentRunner$2.evaluate(ParentRunner.java:229)
	at com.tngtech.archunit.junit.ArchUnitRunner$1.evaluate(ArchUnitRunner.java:88)
	at org.junit.runners.ParentRunner.run(ParentRunner.java:309)
	at org.apache.maven.surefire.junit4.JUnit4Provider.execute(JUnit4Provider.java:252)
	at org.apache.maven.surefire.junit4.JUnit4Provider.executeTestSet(JUnit4Provider.java:141)
	at org.apache.maven.surefire.junit4.JUnit4Provider.invoke(JUnit4Provider.java:112)
	at java.base/jdk.internal.reflect.NativeMethodAccessorImpl.invoke0(Native Method)
	at java.base/jdk.internal.reflect.NativeMethodAccessorImpl.invoke(NativeMethodAccessorImpl.java:77)
	at java.base/jdk.internal.reflect.DelegatingMethodAccessorImpl.invoke(DelegatingMethodAccessorImpl.java:43)
	at java.base/java.lang.reflect.Method.invoke(Method.java:568)
	at org.apache.maven.surefire.util.ReflectionUtils.invokeMethodWithArray(ReflectionUtils.java:189)
	at org.apache.maven.surefire.booter.ProviderFactory$ProviderProxy.invoke(ProviderFactory.java:165)
	at org.apache.maven.surefire.booter.ProviderFactory.invokeProvider(ProviderFactory.java:85)
	at org.apache.maven.surefire.booter.ForkedBooter.runSuitesInProcess(ForkedBooter.java:115)
	at org.apache.maven.surefire.booter.ForkedBooter.main(ForkedBooter.java:75)
</failure>
  </testcase>
  <testcase classname="GiocoBorsa.arch.BestPracticesTest" name="generic_exception_are_not_thrown" time="0.005"/>
  <testcase classname="GiocoBorsa.arch.BestPracticesTest" name="java_util_logging_is_not_used" time="0.001"/>
  <testcase classname="GiocoBorsa.arch.BestPracticesTest" name="field_injection_is_not_used" time="0.004"/>
</testsuite>